<?xml version="1.0" encoding="UTF-8"?>
<!-- Generated by org.testng.reporters.JUnitXMLReporter -->
<testsuite hostname="DESKTOP-SFSL412" ignored="0" name="E2ETestUiVal" tests="1" failures="1" timestamp="19 May 2020 17:28:22 GMT" time="67.536" errors="0">
  <testcase name="UIValidationTCHomePage" time="67.011" classname="testE2EProject.uiValidationHomePGTC">
    <failure type="java.lang.AssertionError" message="Featured Course Header Object could not be found/not displayed expected [true] but found [false]">
      <![CDATA[java.lang.AssertionError: Featured Course Header Object could not be found/not displayed expected [true] but found [false]
at testE2EProject.uiValidationHomePGTC.UIValidationTCHomePage(uiValidationHomePGTC.java:37)
at java.util.concurrent.FutureTask.run(Unknown Source)
at java.util.concurrent.ThreadPoolExecutor.runWorker(Unknown Source)
at java.util.concurrent.ThreadPoolExecutor$Worker.run(Unknown Source)
at java.lang.Thread.run(Unknown Source)
... Removed 19 stack frames]]>
    </failure>
  </testcase> <!-- UIValidationTCHomePage -->
</testsuite> <!-- E2ETestUiVal -->
