<?xml version="1.0" encoding="UTF-8"?>
<!-- Generated by org.testng.reporters.JUnitXMLReporter -->
<testsuite hostname="DESKTOP-SFSL412" ignored="0" name="jqhomepage" tests="1" failures="0" timestamp="23 May 2020 12:24:57 GMT" time="0.097" errors="0">
  <testcase name="@BeforeTest OpenBrowser" time="0.033" classname="jqueryTestCases.jqHomeTestCases">
    <failure type="java.lang.NullPointerException">
      <![CDATA[java.lang.NullPointerException
at resources.baseOR.InitializeDriver(baseOR.java:63)
at jqueryTestCases.jqHomeTestCases.OpenBrowser(jqHomeTestCases.java:26)
... Removed 24 stack frames]]>
    </failure>
  </testcase> <!-- @BeforeTest OpenBrowser -->
  <testcase name="@AfterTest CloseBrowser" time="0.0" classname="jqueryTestCases.jqHomeTestCases">
    <skipped/>
  </testcase> <!-- @AfterTest CloseBrowser -->
  <testcase name="DragDropTC1" time="0.0" classname="jqueryTestCases.jqHomeTestCases">
    <skipped/>
  </testcase> <!-- DragDropTC1 -->
</testsuite> <!-- jqhomepage -->
