<?xml version="1.0" encoding="UTF-8"?>
<testng-results skipped="0" failed="0" ignored="0" total="1" passed="1">
  <reporter-output>
  </reporter-output>
  <suite name="E2ESuite" duration-ms="36750" started-at="2020-06-01T11:27:49Z" finished-at="2020-06-01T11:28:26Z">
    <groups>
      <group name="cucumber">
        <method signature="AbstractTestNGCucumberTests.feature(cucumber.api.testng.CucumberFeatureWrapper)[pri:0, instance:cucumberRunner.testRunnerCucmber@1d8bd0de]" name="feature" class="cucumber.api.testng.AbstractTestNGCucumberTests"/>
      </group> <!-- cucumber -->
    </groups>
    <test name="E2ETestLoginCucmber" duration-ms="36750" started-at="2020-06-01T11:27:49Z" finished-at="2020-06-01T11:28:26Z">
      <class name="cucumberRunner.testRunnerCucmber">
        <test-method status="PASS" signature="setUpClass()[pri:0, instance:cucumberRunner.testRunnerCucmber@1d8bd0de]" name="setUpClass" is-config="true" duration-ms="300" started-at="2020-06-01T11:27:49Z" finished-at="2020-06-01T11:27:50Z">
          <reporter-output>
          </reporter-output>
        </test-method> <!-- setUpClass -->
        <test-method status="PASS" signature="feature(cucumber.api.testng.CucumberFeatureWrapper)[pri:0, instance:cucumberRunner.testRunnerCucmber@1d8bd0de]" name="feature" duration-ms="36242" started-at="2020-06-01T11:27:50Z" description="Runs Cucumber Feature" data-provider="features" finished-at="2020-06-01T11:28:26Z">
          <params>
            <param index="0">
              <value>
                <![CDATA[Login TC Login to the application]]>
              </value>
            </param>
          </params>
          <reporter-output>
          </reporter-output>
        </test-method> <!-- feature -->
        <test-method status="PASS" signature="tearDownClass()[pri:0, instance:cucumberRunner.testRunnerCucmber@1d8bd0de]" name="tearDownClass" is-config="true" duration-ms="90" started-at="2020-06-01T11:28:26Z" finished-at="2020-06-01T11:28:26Z">
          <reporter-output>
          </reporter-output>
        </test-method> <!-- tearDownClass -->
      </class> <!-- cucumberRunner.testRunnerCucmber -->
    </test> <!-- E2ETestLoginCucmber -->
  </suite> <!-- E2ESuite -->
</testng-results>
